c:\users\administrator\documents\visual studio 2017\projects\codestacks.mq\codestacks.cprimer\debug\codestacks.cprimer.pch
c:\users\administrator\documents\visual studio 2017\projects\codestacks.mq\codestacks.cprimer\debug\vc141.pdb
c:\users\administrator\documents\visual studio 2017\projects\codestacks.mq\codestacks.cprimer\debug\vc141.idb
c:\users\administrator\documents\visual studio 2017\projects\codestacks.mq\codestacks.cprimer\debug\stdafx.obj
c:\users\administrator\documents\visual studio 2017\projects\codestacks.mq\codestacks.cprimer\debug\codestacks.cprimer.obj
c:\users\administrator\documents\visual studio 2017\projects\codestacks.mq\codestacks.cprimer\debug\codestacksstruct.obj
c:\users\administrator\documents\visual studio 2017\projects\codestacks.mq\debug\codestacks.cprimer.ilk
c:\users\administrator\documents\visual studio 2017\projects\codestacks.mq\debug\codestacks.cprimer.exe
c:\users\administrator\documents\visual studio 2017\projects\codestacks.mq\debug\codestacks.cprimer.pdb
d:\codesource\src\github.com\codestacks1\c2plus-demo\codestacks.cprimer\debug\codestacks.cprimer.obj
d:\codesource\src\github.com\codestacks1\c2plus-demo\codestacks.cprimer\debug\codestacksstruct.obj
d:\codesource\src\github.com\codestacks1\c2plus-demo\codestacks.cprimer\debug\stdafx.obj
d:\codesource\src\github.com\codestacks1\c2plus-demo\codestacks.cprimer\debug\codestacks.cprimer.pch
d:\codesource\src\github.com\codestacks1\c2plus-demo\codestacks.cprimer\debug\vc141.idb
d:\codesource\src\github.com\codestacks1\c2plus-demo\codestacks.cprimer\debug\vc141.pdb
d:\codesource\src\github.com\codestacks1\c2plus-demo\codestacks.cprimer\debug\codestac.f8e93465.tlog\cl.command.1.tlog
d:\codesource\src\github.com\codestacks1\c2plus-demo\codestacks.cprimer\debug\codestac.f8e93465.tlog\cl.read.1.tlog
d:\codesource\src\github.com\codestacks1\c2plus-demo\codestacks.cprimer\debug\codestac.f8e93465.tlog\cl.write.1.tlog
d:\codesource\src\github.com\codestacks1\c2plus-demo\codestacks.cprimer\debug\codestac.f8e93465.tlog\link.command.1.tlog
d:\codesource\src\github.com\codestacks1\c2plus-demo\codestacks.cprimer\debug\codestac.f8e93465.tlog\link.read.1.tlog
d:\codesource\src\github.com\codestacks1\c2plus-demo\codestacks.cprimer\debug\codestac.f8e93465.tlog\link.write.1.tlog
