c:\users\administrator\documents\visual studio 2017\projects\codestacks.mq\win32project1\debug\win32project1.pch
c:\users\administrator\documents\visual studio 2017\projects\codestacks.mq\win32project1\debug\vc141.pdb
c:\users\administrator\documents\visual studio 2017\projects\codestacks.mq\win32project1\debug\vc141.idb
c:\users\administrator\documents\visual studio 2017\projects\codestacks.mq\win32project1\debug\stdafx.obj
c:\users\administrator\documents\visual studio 2017\projects\codestacks.mq\win32project1\debug\win32project1.obj
c:\users\administrator\documents\visual studio 2017\projects\codestacks.mq\debug\win32project1.ilk
c:\users\administrator\documents\visual studio 2017\projects\codestacks.mq\debug\win32project1.exe
c:\users\administrator\documents\visual studio 2017\projects\codestacks.mq\debug\win32project1.pdb
c:\users\administrator\documents\visual studio 2017\projects\codestacks.mq\win32project1\debug\win32project1.res
d:\codesource\src\github.com\codestacks1\c2plus-demo\win32project1\debug\stdafx.obj
d:\codesource\src\github.com\codestacks1\c2plus-demo\win32project1\debug\win32project1.obj
d:\codesource\src\github.com\codestacks1\c2plus-demo\win32project1\debug\win32project1.res
d:\codesource\src\github.com\codestacks1\c2plus-demo\win32project1\debug\win32project1.pch
d:\codesource\src\github.com\codestacks1\c2plus-demo\win32project1\debug\vc141.idb
d:\codesource\src\github.com\codestacks1\c2plus-demo\win32project1\debug\vc141.pdb
d:\codesource\src\github.com\codestacks1\c2plus-demo\win32project1\debug\win32project1.tlog\cl.command.1.tlog
d:\codesource\src\github.com\codestacks1\c2plus-demo\win32project1\debug\win32project1.tlog\cl.read.1.tlog
d:\codesource\src\github.com\codestacks1\c2plus-demo\win32project1\debug\win32project1.tlog\cl.write.1.tlog
d:\codesource\src\github.com\codestacks1\c2plus-demo\win32project1\debug\win32project1.tlog\link.command.1.tlog
d:\codesource\src\github.com\codestacks1\c2plus-demo\win32project1\debug\win32project1.tlog\link.read.1.tlog
d:\codesource\src\github.com\codestacks1\c2plus-demo\win32project1\debug\win32project1.tlog\link.write.1.tlog
d:\codesource\src\github.com\codestacks1\c2plus-demo\win32project1\debug\win32project1.tlog\rc.command.1.tlog
d:\codesource\src\github.com\codestacks1\c2plus-demo\win32project1\debug\win32project1.tlog\rc.read.1.tlog
d:\codesource\src\github.com\codestacks1\c2plus-demo\win32project1\debug\win32project1.tlog\rc.write.1.tlog
