c:\users\administrator\documents\visual studio 2017\projects\codestacks.mq\c.books\debug\c.books.pch
c:\users\administrator\documents\visual studio 2017\projects\codestacks.mq\c.books\debug\vc141.pdb
c:\users\administrator\documents\visual studio 2017\projects\codestacks.mq\c.books\debug\vc141.idb
c:\users\administrator\documents\visual studio 2017\projects\codestacks.mq\c.books\debug\stdafx.obj
c:\users\administrator\documents\visual studio 2017\projects\codestacks.mq\c.books\debug\agent1.obj
c:\users\administrator\documents\visual studio 2017\projects\codestacks.mq\c.books\debug\agent2.obj
c:\users\administrator\documents\visual studio 2017\projects\codestacks.mq\c.books\debug\autotype.obj
c:\users\administrator\documents\visual studio 2017\projects\codestacks.mq\c.books\debug\book.obj
c:\users\administrator\documents\visual studio 2017\projects\codestacks.mq\c.books\debug\codestacks.obj
c:\users\administrator\documents\visual studio 2017\projects\codestacks.mq\c.books\debug\constexpression.obj
c:\users\administrator\documents\visual studio 2017\projects\codestacks.mq\c.books\debug\intellipointer.obj
c:\users\administrator\documents\visual studio 2017\projects\codestacks.mq\c.books\debug\main.obj
c:\users\administrator\documents\visual studio 2017\projects\codestacks.mq\c.books\debug\sales_item.obj
c:\users\administrator\documents\visual studio 2017\projects\codestacks.mq\c.books\debug\typealias.obj
c:\users\administrator\documents\visual studio 2017\projects\codestacks.mq\c.books\debug\utilities.obj
c:\users\administrator\documents\visual studio 2017\projects\codestacks.mq\debug\c.books.ilk
c:\users\administrator\documents\visual studio 2017\projects\codestacks.mq\debug\c.books.exe
c:\users\administrator\documents\visual studio 2017\projects\codestacks.mq\debug\c.books.pdb
d:\codesource\src\github.com\codestacks1\c2plus-demo\c.books\debug\agent1.obj
d:\codesource\src\github.com\codestacks1\c2plus-demo\c.books\debug\agent2.obj
d:\codesource\src\github.com\codestacks1\c2plus-demo\c.books\debug\autotype.obj
d:\codesource\src\github.com\codestacks1\c2plus-demo\c.books\debug\book.obj
d:\codesource\src\github.com\codestacks1\c2plus-demo\c.books\debug\codestacks.obj
d:\codesource\src\github.com\codestacks1\c2plus-demo\c.books\debug\constexpression.obj
d:\codesource\src\github.com\codestacks1\c2plus-demo\c.books\debug\intellipointer.obj
d:\codesource\src\github.com\codestacks1\c2plus-demo\c.books\debug\main.obj
d:\codesource\src\github.com\codestacks1\c2plus-demo\c.books\debug\sales_item.obj
d:\codesource\src\github.com\codestacks1\c2plus-demo\c.books\debug\stdafx.obj
d:\codesource\src\github.com\codestacks1\c2plus-demo\c.books\debug\typealias.obj
d:\codesource\src\github.com\codestacks1\c2plus-demo\c.books\debug\utilities.obj
d:\codesource\src\github.com\codestacks1\c2plus-demo\c.books\debug\c.books.pch
d:\codesource\src\github.com\codestacks1\c2plus-demo\c.books\debug\vc141.idb
d:\codesource\src\github.com\codestacks1\c2plus-demo\c.books\debug\vc141.pdb
d:\codesource\src\github.com\codestacks1\c2plus-demo\c.books\debug\c.books.tlog\cl.command.1.tlog
d:\codesource\src\github.com\codestacks1\c2plus-demo\c.books\debug\c.books.tlog\cl.read.1.tlog
d:\codesource\src\github.com\codestacks1\c2plus-demo\c.books\debug\c.books.tlog\cl.write.1.tlog
d:\codesource\src\github.com\codestacks1\c2plus-demo\c.books\debug\c.books.tlog\link.command.1.tlog
d:\codesource\src\github.com\codestacks1\c2plus-demo\c.books\debug\c.books.tlog\link.read.1.tlog
d:\codesource\src\github.com\codestacks1\c2plus-demo\c.books\debug\c.books.tlog\link.write.1.tlog
